2025-11-30 06:42:01,632 INFO o.a.j.u.JMeterUtils: Setting Locale to en_EN
2025-11-30 06:42:01,650 INFO o.a.j.JMeter: Loading user properties from: /opt/homebrew/Cellar/jmeter/5.6.3/libexec/bin/user.properties
2025-11-30 06:42:01,651 INFO o.a.j.JMeter: Loading system properties from: /opt/homebrew/Cellar/jmeter/5.6.3/libexec/bin/system.properties
2025-11-30 06:42:01,654 INFO o.a.j.JMeter: Copyright (c) 1998-2024 The Apache Software Foundation
2025-11-30 06:42:01,655 INFO o.a.j.JMeter: Version 5.6.3
2025-11-30 06:42:01,655 INFO o.a.j.JMeter: java.version=21.0.9
2025-11-30 06:42:01,655 INFO o.a.j.JMeter: java.vm.name=OpenJDK 64-Bit Server VM
2025-11-30 06:42:01,655 INFO o.a.j.JMeter: os.name=Mac OS X
2025-11-30 06:42:01,655 INFO o.a.j.JMeter: os.arch=aarch64
2025-11-30 06:42:01,655 INFO o.a.j.JMeter: os.version=15.4.1
2025-11-30 06:42:01,655 INFO o.a.j.JMeter: file.encoding=UTF-8
2025-11-30 06:42:01,655 INFO o.a.j.JMeter: java.awt.headless=null
2025-11-30 06:42:01,655 INFO o.a.j.JMeter: Max memory     =1073741824
2025-11-30 06:42:01,656 INFO o.a.j.JMeter: Available Processors =8
2025-11-30 06:42:01,665 INFO o.a.j.JMeter: Default Locale=English (EN)
2025-11-30 06:42:01,667 INFO o.a.j.JMeter: JMeter  Locale=English (EN)
2025-11-30 06:42:01,667 INFO o.a.j.JMeter: JMeterHome=/opt/homebrew/Cellar/jmeter/5.6.3/libexec
2025-11-30 06:42:01,667 INFO o.a.j.JMeter: user.dir  =/Users/polakujoshikasree/Documents/FlightBookingApplication
2025-11-30 06:42:01,667 INFO o.a.j.JMeter: PWD       =/Users/polakujoshikasree/Documents/FlightBookingApplication
2025-11-30 06:42:01,669 INFO o.a.j.JMeter: IP: 127.0.0.1 Name: POLAKUs-Laptop.local FullName: localhost
2025-11-30 06:42:01,675 INFO o.a.j.JMeter: Loaded icon properties from org/apache/jmeter/images/icon.properties
2025-11-30 06:42:02,260 INFO o.a.j.JMeterGuiLauncher: Setting LAF to: com.github.weisj.darklaf.DarkLaf:com.github.weisj.darklaf.theme.DarculaTheme
2025-11-30 06:42:03,775 INFO o.a.j.r.ClassFinder: Will scan jar /opt/homebrew/Cellar/jmeter/5.6.3/libexec/lib/ext/jmeter-plugins-manager-1.9.jar with filter ExtendsClassFilter [parents=[interface org.apache.jmeter.gui.action.Command], inner=false, contains=null, notContains=null]. Consider exposing JMeter plugins via META-INF/services, and add JMeter-Skip-Class-Scanning=true manifest attribute so JMeter can skip classfile scanning
2025-11-30 06:42:03,857 INFO o.a.j.r.ClassFinder: Will scan jar /opt/homebrew/Cellar/jmeter/5.6.3/libexec/lib/ext/jmeter-plugins-manager-1.9.jar with filter ExtendsClassFilter [parents=[interface org.apache.jmeter.gui.plugin.MenuCreator], inner=false, contains=null, notContains=null]. Consider exposing JMeter plugins via META-INF/services, and add JMeter-Skip-Class-Scanning=true manifest attribute so JMeter can skip classfile scanning
2025-11-30 06:42:03,913 INFO o.j.r.JARSourceHTTP: Requesting https://jmeter-plugins.org/repo/?installID=mac_os_x-66173601717e303f051e86cb65c75033-gui
2025-11-30 06:42:06,160 INFO o.j.r.PluginManager: Plugins Status: [jpgc-plugins-manager=1.9, jmeter-core=5.6.3, jmeter-ftp=5.6.3, jmeter-http=5.6.3, jmeter-jdbc=5.6.3, jmeter-jms=5.6.3, jmeter-junit=5.6.3, jmeter-java=5.6.3, jmeter-ldap=5.6.3, jmeter-mail=5.6.3, jmeter-mongodb=5.6.3, jmeter-native=5.6.3, jmeter-tcp=5.6.3, jmeter-components=5.6.3]
2025-11-30 06:42:06,160 INFO o.j.r.PluginManagerMenuItem: Plugins Manager has upgrades: [jpgc-plugins-manager]
2025-11-30 06:42:20,963 INFO o.a.j.p.h.s.HTTPSamplerBase: Parser for text/html is org.apache.jmeter.protocol.http.parser.LagartoBasedHtmlParser
2025-11-30 06:42:20,963 INFO o.a.j.p.h.s.HTTPSamplerBase: Parser for application/xhtml+xml is org.apache.jmeter.protocol.http.parser.LagartoBasedHtmlParser
2025-11-30 06:42:20,963 INFO o.a.j.p.h.s.HTTPSamplerBase: Parser for application/xml is org.apache.jmeter.protocol.http.parser.LagartoBasedHtmlParser
2025-11-30 06:42:20,963 INFO o.a.j.p.h.s.HTTPSamplerBase: Parser for text/xml is org.apache.jmeter.protocol.http.parser.LagartoBasedHtmlParser
2025-11-30 06:42:20,963 INFO o.a.j.p.h.s.HTTPSamplerBase: Parser for text/vnd.wap.wml is org.apache.jmeter.protocol.http.parser.RegexpHTMLParser
2025-11-30 06:42:20,963 INFO o.a.j.p.h.s.HTTPSamplerBase: Parser for text/css is org.apache.jmeter.protocol.http.parser.CssParser
2025-11-30 06:44:52,644 INFO o.a.j.s.SampleResult: Note: Sample TimeStamps are START times
2025-11-30 06:44:52,645 INFO o.a.j.s.SampleResult: sampleresult.default.encoding is set to UTF-8
2025-11-30 06:44:52,645 INFO o.a.j.s.SampleResult: sampleresult.useNanoTime=true
2025-11-30 06:44:52,645 INFO o.a.j.s.SampleResult: sampleresult.nanoThreadSleep=5000
2025-11-30 06:44:52,696 INFO o.a.j.r.ClassFinder: Will scan jar /opt/homebrew/Cellar/jmeter/5.6.3/libexec/lib/ext/jmeter-plugins-manager-1.9.jar with filter ExtendsClassFilter [parents=[interface org.apache.jmeter.visualizers.ResultRenderer], inner=false, contains=null, notContains=null]. Consider exposing JMeter plugins via META-INF/services, and add JMeter-Skip-Class-Scanning=true manifest attribute so JMeter can skip classfile scanning
2025-11-30 06:44:52,706 INFO o.a.j.r.ClassFinder: Will scan jar /opt/homebrew/Cellar/jmeter/5.6.3/libexec/lib/ext/jmeter-plugins-manager-1.9.jar with filter ExtendsClassFilter [parents=[interface org.apache.jmeter.visualizers.RequestView], inner=false, contains=null, notContains=null]. Consider exposing JMeter plugins via META-INF/services, and add JMeter-Skip-Class-Scanning=true manifest attribute so JMeter can skip classfile scanning
2025-11-30 06:45:01,379 INFO o.a.j.s.FileServer: Default base='/Users/polakujoshikasree/Documents/FlightBookingApplication'
2025-11-30 06:45:01,381 INFO o.a.j.s.FileServer: Set new base='/Users/polakujoshikasree/Documents/FlightBookingApplication'
2025-11-30 06:45:01,494 INFO o.a.j.s.SaveService: Testplan (JMX) version: 2.2. Testlog (JTL) version: 2.2
2025-11-30 06:45:01,497 INFO o.a.j.s.SaveService: Using SaveService properties version 5.0
2025-11-30 06:45:01,498 INFO o.a.j.s.SaveService: Using SaveService properties file encoding UTF-8
2025-11-30 06:45:01,512 INFO o.a.j.e.StandardJMeterEngine: Running the test!
2025-11-30 06:45:01,512 INFO o.a.j.s.SampleEvent: List of sample_variables: []
2025-11-30 06:45:01,512 INFO o.a.j.s.SampleEvent: List of sample_variables: []
2025-11-30 06:45:01,513 INFO o.a.j.e.u.CompoundVariable: Note: Function class names must contain the string: '.functions.'
2025-11-30 06:45:01,513 INFO o.a.j.e.u.CompoundVariable: Note: Function class names must not contain the string: '.gui.'
2025-11-30 06:45:01,542 INFO o.a.j.r.ClassFinder: Will scan jar /opt/homebrew/Cellar/jmeter/5.6.3/libexec/lib/ext/jmeter-plugins-manager-1.9.jar with filter ExtendsClassFilter [parents=[interface org.apache.jmeter.functions.Function], inner=false, contains=null, notContains=null]. Consider exposing JMeter plugins via META-INF/services, and add JMeter-Skip-Class-Scanning=true manifest attribute so JMeter can skip classfile scanning
2025-11-30 06:45:01,545 INFO o.a.j.g.u.JMeterMenuBar: setRunning(true, *local*)
2025-11-30 06:45:01,570 INFO o.a.j.e.StandardJMeterEngine: Starting ThreadGroup: 1 : Thread Group
2025-11-30 06:45:01,570 INFO o.a.j.e.StandardJMeterEngine: Starting 1 threads for group Thread Group.
2025-11-30 06:45:01,570 INFO o.a.j.e.StandardJMeterEngine: Thread will continue on error
2025-11-30 06:45:01,570 INFO o.a.j.t.ThreadGroup: Starting thread group... number=1 threads=1 ramp-up=1 delayedStart=false
2025-11-30 06:45:01,572 INFO o.a.j.t.ThreadGroup: Started thread group number 1
2025-11-30 06:45:01,572 INFO o.a.j.e.StandardJMeterEngine: All thread groups have been started
2025-11-30 06:45:01,572 INFO o.a.j.t.JMeterThread: Thread started: Thread Group 1-1
2025-11-30 06:45:01,576 INFO o.a.j.p.h.s.HTTPHCAbstractImpl: Local host = POLAKUs-Laptop.local
2025-11-30 06:45:01,579 INFO o.a.j.p.h.s.HTTPHC4Impl: HTTP request retry count = 0
2025-11-30 06:45:01,775 INFO o.a.j.t.JMeterThread: Thread is done: Thread Group 1-1
2025-11-30 06:45:01,775 INFO o.a.j.t.JMeterThread: Thread finished: Thread Group 1-1
2025-11-30 06:45:01,776 INFO o.a.j.e.StandardJMeterEngine: Notifying test listeners of end of test
2025-11-30 06:45:01,777 INFO o.a.j.g.u.JMeterMenuBar: setRunning(false, *local*)
2025-11-30 06:45:46,281 INFO o.a.j.e.StandardJMeterEngine: Running the test!
2025-11-30 06:45:46,282 INFO o.a.j.s.SampleEvent: List of sample_variables: []
2025-11-30 06:45:46,282 INFO o.a.j.g.u.JMeterMenuBar: setRunning(true, *local*)
2025-11-30 06:45:46,304 INFO o.a.j.e.StandardJMeterEngine: Starting ThreadGroup: 1 : Thread Group
2025-11-30 06:45:46,304 INFO o.a.j.e.StandardJMeterEngine: Starting 20 threads for group Thread Group.
2025-11-30 06:45:46,304 INFO o.a.j.e.StandardJMeterEngine: Thread will continue on error
2025-11-30 06:45:46,305 INFO o.a.j.t.ThreadGroup: Starting thread group... number=1 threads=20 ramp-up=1 delayedStart=false
2025-11-30 06:45:46,305 INFO o.a.j.t.JMeterThread: Thread started: Thread Group 1-1
2025-11-30 06:45:46,309 INFO o.a.j.t.ThreadGroup: Started thread group number 1
2025-11-30 06:45:46,309 INFO o.a.j.e.StandardJMeterEngine: All thread groups have been started
2025-11-30 06:45:46,323 INFO o.a.j.t.JMeterThread: Thread is done: Thread Group 1-1
2025-11-30 06:45:46,323 INFO o.a.j.t.JMeterThread: Thread finished: Thread Group 1-1
2025-11-30 06:45:46,361 INFO o.a.j.t.JMeterThread: Thread started: Thread Group 1-2
2025-11-30 06:45:46,377 INFO o.a.j.t.JMeterThread: Thread is done: Thread Group 1-2
2025-11-30 06:45:46,377 INFO o.a.j.t.JMeterThread: Thread finished: Thread Group 1-2
2025-11-30 06:45:46,411 INFO o.a.j.t.JMeterThread: Thread started: Thread Group 1-3
2025-11-30 06:45:46,426 INFO o.a.j.t.JMeterThread: Thread is done: Thread Group 1-3
2025-11-30 06:45:46,426 INFO o.a.j.t.JMeterThread: Thread finished: Thread Group 1-3
2025-11-30 06:45:46,460 INFO o.a.j.t.JMeterThread: Thread started: Thread Group 1-4
2025-11-30 06:45:46,475 INFO o.a.j.t.JMeterThread: Thread is done: Thread Group 1-4
2025-11-30 06:45:46,475 INFO o.a.j.t.JMeterThread: Thread finished: Thread Group 1-4
2025-11-30 06:45:46,510 INFO o.a.j.t.JMeterThread: Thread started: Thread Group 1-5
2025-11-30 06:45:46,525 INFO o.a.j.t.JMeterThread: Thread is done: Thread Group 1-5
2025-11-30 06:45:46,525 INFO o.a.j.t.JMeterThread: Thread finished: Thread Group 1-5
2025-11-30 06:45:46,561 INFO o.a.j.t.JMeterThread: Thread started: Thread Group 1-6
2025-11-30 06:45:46,577 INFO o.a.j.t.JMeterThread: Thread is done: Thread Group 1-6
2025-11-30 06:45:46,577 INFO o.a.j.t.JMeterThread: Thread finished: Thread Group 1-6
2025-11-30 06:45:46,610 INFO o.a.j.t.JMeterThread: Thread started: Thread Group 1-7
2025-11-30 06:45:46,626 INFO o.a.j.t.JMeterThread: Thread is done: Thread Group 1-7
2025-11-30 06:45:46,626 INFO o.a.j.t.JMeterThread: Thread finished: Thread Group 1-7
2025-11-30 06:45:46,660 INFO o.a.j.t.JMeterThread: Thread started: Thread Group 1-8
2025-11-30 06:45:46,679 INFO o.a.j.t.JMeterThread: Thread is done: Thread Group 1-8
2025-11-30 06:45:46,680 INFO o.a.j.t.JMeterThread: Thread finished: Thread Group 1-8
2025-11-30 06:45:46,706 INFO o.a.j.t.JMeterThread: Thread started: Thread Group 1-9
2025-11-30 06:45:46,727 INFO o.a.j.t.JMeterThread: Thread is done: Thread Group 1-9
2025-11-30 06:45:46,727 INFO o.a.j.t.JMeterThread: Thread finished: Thread Group 1-9
2025-11-30 06:45:46,755 INFO o.a.j.t.JMeterThread: Thread started: Thread Group 1-10
2025-11-30 06:45:46,773 INFO o.a.j.t.JMeterThread: Thread is done: Thread Group 1-10
2025-11-30 06:45:46,773 INFO o.a.j.t.JMeterThread: Thread finished: Thread Group 1-10
2025-11-30 06:45:46,809 INFO o.a.j.t.JMeterThread: Thread started: Thread Group 1-11
2025-11-30 06:45:46,825 INFO o.a.j.t.JMeterThread: Thread is done: Thread Group 1-11
2025-11-30 06:45:46,825 INFO o.a.j.t.JMeterThread: Thread finished: Thread Group 1-11
2025-11-30 06:45:46,861 INFO o.a.j.t.JMeterThread: Thread started: Thread Group 1-12
2025-11-30 06:45:46,873 INFO o.a.j.t.JMeterThread: Thread is done: Thread Group 1-12
2025-11-30 06:45:46,873 INFO o.a.j.t.JMeterThread: Thread finished: Thread Group 1-12
2025-11-30 06:45:46,911 INFO o.a.j.t.JMeterThread: Thread started: Thread Group 1-13
2025-11-30 06:45:46,924 INFO o.a.j.t.JMeterThread: Thread is done: Thread Group 1-13
2025-11-30 06:45:46,927 INFO o.a.j.t.JMeterThread: Thread finished: Thread Group 1-13
2025-11-30 06:45:46,960 INFO o.a.j.t.JMeterThread: Thread started: Thread Group 1-14
2025-11-30 06:45:46,971 INFO o.a.j.t.JMeterThread: Thread is done: Thread Group 1-14
2025-11-30 06:45:46,971 INFO o.a.j.t.JMeterThread: Thread finished: Thread Group 1-14
2025-11-30 06:45:47,010 INFO o.a.j.t.JMeterThread: Thread started: Thread Group 1-15
2025-11-30 06:45:47,022 INFO o.a.j.t.JMeterThread: Thread is done: Thread Group 1-15
2025-11-30 06:45:47,022 INFO o.a.j.t.JMeterThread: Thread finished: Thread Group 1-15
2025-11-30 06:45:47,060 INFO o.a.j.t.JMeterThread: Thread started: Thread Group 1-16
2025-11-30 06:45:47,073 INFO o.a.j.t.JMeterThread: Thread is done: Thread Group 1-16
2025-11-30 06:45:47,074 INFO o.a.j.t.JMeterThread: Thread finished: Thread Group 1-16
2025-11-30 06:45:47,110 INFO o.a.j.t.JMeterThread: Thread started: Thread Group 1-17
2025-11-30 06:45:47,123 INFO o.a.j.t.JMeterThread: Thread is done: Thread Group 1-17
2025-11-30 06:45:47,123 INFO o.a.j.t.JMeterThread: Thread finished: Thread Group 1-17
2025-11-30 06:45:47,159 INFO o.a.j.t.JMeterThread: Thread started: Thread Group 1-18
2025-11-30 06:45:47,174 INFO o.a.j.t.JMeterThread: Thread is done: Thread Group 1-18
2025-11-30 06:45:47,176 INFO o.a.j.t.JMeterThread: Thread finished: Thread Group 1-18
2025-11-30 06:45:47,207 INFO o.a.j.t.JMeterThread: Thread started: Thread Group 1-19
2025-11-30 06:45:47,220 INFO o.a.j.t.JMeterThread: Thread is done: Thread Group 1-19
2025-11-30 06:45:47,220 INFO o.a.j.t.JMeterThread: Thread finished: Thread Group 1-19
2025-11-30 06:45:47,260 INFO o.a.j.t.JMeterThread: Thread started: Thread Group 1-20
2025-11-30 06:45:47,273 INFO o.a.j.t.JMeterThread: Thread is done: Thread Group 1-20
2025-11-30 06:45:47,273 INFO o.a.j.t.JMeterThread: Thread finished: Thread Group 1-20
2025-11-30 06:45:47,273 INFO o.a.j.e.StandardJMeterEngine: Notifying test listeners of end of test
2025-11-30 06:45:47,273 INFO o.a.j.g.u.JMeterMenuBar: setRunning(false, *local*)
2025-11-30 06:48:26,051 INFO o.a.j.e.StandardJMeterEngine: Running the test!
2025-11-30 06:48:26,052 INFO o.a.j.s.SampleEvent: List of sample_variables: []
2025-11-30 06:48:26,053 INFO o.a.j.g.u.JMeterMenuBar: setRunning(true, *local*)
2025-11-30 06:48:26,087 INFO o.a.j.e.StandardJMeterEngine: Starting ThreadGroup: 1 : Thread Group
2025-11-30 06:48:26,087 INFO o.a.j.e.StandardJMeterEngine: Starting 20 threads for group Thread Group.
2025-11-30 06:48:26,087 INFO o.a.j.e.StandardJMeterEngine: Thread will continue on error
2025-11-30 06:48:26,087 INFO o.a.j.t.ThreadGroup: Starting thread group... number=1 threads=20 ramp-up=1 delayedStart=false
2025-11-30 06:48:26,088 INFO o.a.j.t.JMeterThread: Thread started: Thread Group 1-1
2025-11-30 06:48:26,091 INFO o.a.j.t.ThreadGroup: Started thread group number 1
2025-11-30 06:48:26,091 INFO o.a.j.e.StandardJMeterEngine: All thread groups have been started
2025-11-30 06:48:26,143 INFO o.a.j.t.JMeterThread: Thread started: Thread Group 1-2
2025-11-30 06:48:26,170 INFO o.a.j.t.JMeterThread: Thread is done: Thread Group 1-2
2025-11-30 06:48:26,170 INFO o.a.j.t.JMeterThread: Thread finished: Thread Group 1-2
2025-11-30 06:48:26,170 INFO o.a.j.t.JMeterThread: Thread is done: Thread Group 1-1
2025-11-30 06:48:26,171 INFO o.a.j.t.JMeterThread: Thread finished: Thread Group 1-1
2025-11-30 06:48:26,192 INFO o.a.j.t.JMeterThread: Thread started: Thread Group 1-3
2025-11-30 06:48:26,201 INFO o.a.j.t.JMeterThread: Thread is done: Thread Group 1-3
2025-11-30 06:48:26,201 INFO o.a.j.t.JMeterThread: Thread finished: Thread Group 1-3
2025-11-30 06:48:26,242 INFO o.a.j.t.JMeterThread: Thread started: Thread Group 1-4
2025-11-30 06:48:26,248 INFO o.a.j.t.JMeterThread: Thread is done: Thread Group 1-4
2025-11-30 06:48:26,248 INFO o.a.j.t.JMeterThread: Thread finished: Thread Group 1-4
2025-11-30 06:48:26,292 INFO o.a.j.t.JMeterThread: Thread started: Thread Group 1-5
2025-11-30 06:48:26,298 INFO o.a.j.t.JMeterThread: Thread is done: Thread Group 1-5
2025-11-30 06:48:26,298 INFO o.a.j.t.JMeterThread: Thread finished: Thread Group 1-5
2025-11-30 06:48:26,342 INFO o.a.j.t.JMeterThread: Thread started: Thread Group 1-6
2025-11-30 06:48:26,348 INFO o.a.j.t.JMeterThread: Thread is done: Thread Group 1-6
2025-11-30 06:48:26,348 INFO o.a.j.t.JMeterThread: Thread finished: Thread Group 1-6
2025-11-30 06:48:26,393 INFO o.a.j.t.JMeterThread: Thread started: Thread Group 1-7
2025-11-30 06:48:26,404 INFO o.a.j.t.JMeterThread: Thread is done: Thread Group 1-7
2025-11-30 06:48:26,404 INFO o.a.j.t.JMeterThread: Thread finished: Thread Group 1-7
2025-11-30 06:48:26,443 INFO o.a.j.t.JMeterThread: Thread started: Thread Group 1-8
2025-11-30 06:48:26,455 INFO o.a.j.t.JMeterThread: Thread is done: Thread Group 1-8
2025-11-30 06:48:26,455 INFO o.a.j.t.JMeterThread: Thread finished: Thread Group 1-8
2025-11-30 06:48:26,492 INFO o.a.j.t.JMeterThread: Thread started: Thread Group 1-9
2025-11-30 06:48:26,505 INFO o.a.j.t.JMeterThread: Thread is done: Thread Group 1-9
2025-11-30 06:48:26,505 INFO o.a.j.t.JMeterThread: Thread finished: Thread Group 1-9
2025-11-30 06:48:26,542 INFO o.a.j.t.JMeterThread: Thread started: Thread Group 1-10
2025-11-30 06:48:26,557 INFO o.a.j.t.JMeterThread: Thread is done: Thread Group 1-10
2025-11-30 06:48:26,557 INFO o.a.j.t.JMeterThread: Thread finished: Thread Group 1-10
2025-11-30 06:48:26,592 INFO o.a.j.t.JMeterThread: Thread started: Thread Group 1-11
2025-11-30 06:48:26,603 INFO o.a.j.t.JMeterThread: Thread is done: Thread Group 1-11
2025-11-30 06:48:26,603 INFO o.a.j.t.JMeterThread: Thread finished: Thread Group 1-11
2025-11-30 06:48:26,639 INFO o.a.j.t.JMeterThread: Thread started: Thread Group 1-12
2025-11-30 06:48:26,648 INFO o.a.j.t.JMeterThread: Thread is done: Thread Group 1-12
2025-11-30 06:48:26,648 INFO o.a.j.t.JMeterThread: Thread finished: Thread Group 1-12
2025-11-30 06:48:26,688 INFO o.a.j.t.JMeterThread: Thread started: Thread Group 1-13
2025-11-30 06:48:26,697 INFO o.a.j.t.JMeterThread: Thread is done: Thread Group 1-13
2025-11-30 06:48:26,697 INFO o.a.j.t.JMeterThread: Thread finished: Thread Group 1-13
2025-11-30 06:48:26,743 INFO o.a.j.t.JMeterThread: Thread started: Thread Group 1-14
2025-11-30 06:48:26,754 INFO o.a.j.t.JMeterThread: Thread is done: Thread Group 1-14
2025-11-30 06:48:26,754 INFO o.a.j.t.JMeterThread: Thread finished: Thread Group 1-14
2025-11-30 06:48:26,792 INFO o.a.j.t.JMeterThread: Thread started: Thread Group 1-15
2025-11-30 06:48:26,802 INFO o.a.j.t.JMeterThread: Thread is done: Thread Group 1-15
2025-11-30 06:48:26,802 INFO o.a.j.t.JMeterThread: Thread finished: Thread Group 1-15
2025-11-30 06:48:26,837 INFO o.a.j.t.JMeterThread: Thread started: Thread Group 1-16
2025-11-30 06:48:26,847 INFO o.a.j.t.JMeterThread: Thread is done: Thread Group 1-16
2025-11-30 06:48:26,847 INFO o.a.j.t.JMeterThread: Thread finished: Thread Group 1-16
2025-11-30 06:48:26,889 INFO o.a.j.t.JMeterThread: Thread started: Thread Group 1-17
2025-11-30 06:48:26,906 INFO o.a.j.t.JMeterThread: Thread is done: Thread Group 1-17
2025-11-30 06:48:26,906 INFO o.a.j.t.JMeterThread: Thread finished: Thread Group 1-17
2025-11-30 06:48:26,942 INFO o.a.j.t.JMeterThread: Thread started: Thread Group 1-18
2025-11-30 06:48:26,951 INFO o.a.j.t.JMeterThread: Thread is done: Thread Group 1-18
2025-11-30 06:48:26,951 INFO o.a.j.t.JMeterThread: Thread finished: Thread Group 1-18
2025-11-30 06:48:26,992 INFO o.a.j.t.JMeterThread: Thread started: Thread Group 1-19
2025-11-30 06:48:27,002 INFO o.a.j.t.JMeterThread: Thread is done: Thread Group 1-19
2025-11-30 06:48:27,002 INFO o.a.j.t.JMeterThread: Thread finished: Thread Group 1-19
2025-11-30 06:48:27,042 INFO o.a.j.t.JMeterThread: Thread started: Thread Group 1-20
2025-11-30 06:48:27,050 INFO o.a.j.t.JMeterThread: Thread is done: Thread Group 1-20
2025-11-30 06:48:27,051 INFO o.a.j.t.JMeterThread: Thread finished: Thread Group 1-20
2025-11-30 06:48:27,051 INFO o.a.j.e.StandardJMeterEngine: Notifying test listeners of end of test
2025-11-30 06:48:27,051 INFO o.a.j.g.u.JMeterMenuBar: setRunning(false, *local*)
2025-11-30 06:48:33,596 INFO o.a.j.e.StandardJMeterEngine: Running the test!
2025-11-30 06:48:33,597 INFO o.a.j.s.SampleEvent: List of sample_variables: []
2025-11-30 06:48:33,598 INFO o.a.j.g.u.JMeterMenuBar: setRunning(true, *local*)
2025-11-30 06:48:33,620 INFO o.a.j.e.StandardJMeterEngine: Starting ThreadGroup: 1 : Thread Group
2025-11-30 06:48:33,620 INFO o.a.j.e.StandardJMeterEngine: Starting 20 threads for group Thread Group.
2025-11-30 06:48:33,620 INFO o.a.j.e.StandardJMeterEngine: Thread will continue on error
2025-11-30 06:48:33,620 INFO o.a.j.t.ThreadGroup: Starting thread group... number=1 threads=20 ramp-up=1 delayedStart=false
2025-11-30 06:48:33,621 INFO o.a.j.t.JMeterThread: Thread started: Thread Group 1-1
2025-11-30 06:48:33,623 INFO o.a.j.t.ThreadGroup: Started thread group number 1
2025-11-30 06:48:33,623 INFO o.a.j.e.StandardJMeterEngine: All thread groups have been started
2025-11-30 06:48:33,632 INFO o.a.j.t.JMeterThread: Thread is done: Thread Group 1-1
2025-11-30 06:48:33,632 INFO o.a.j.t.JMeterThread: Thread finished: Thread Group 1-1
2025-11-30 06:48:33,675 INFO o.a.j.t.JMeterThread: Thread started: Thread Group 1-2
2025-11-30 06:48:33,686 INFO o.a.j.t.JMeterThread: Thread is done: Thread Group 1-2
2025-11-30 06:48:33,687 INFO o.a.j.t.JMeterThread: Thread finished: Thread Group 1-2
2025-11-30 06:48:33,725 INFO o.a.j.t.JMeterThread: Thread started: Thread Group 1-3
2025-11-30 06:48:33,734 INFO o.a.j.t.JMeterThread: Thread is done: Thread Group 1-3
2025-11-30 06:48:33,734 INFO o.a.j.t.JMeterThread: Thread finished: Thread Group 1-3
2025-11-30 06:48:33,775 INFO o.a.j.t.JMeterThread: Thread started: Thread Group 1-4
2025-11-30 06:48:33,791 INFO o.a.j.t.JMeterThread: Thread is done: Thread Group 1-4
2025-11-30 06:48:33,791 INFO o.a.j.t.JMeterThread: Thread finished: Thread Group 1-4
2025-11-30 06:48:33,826 INFO o.a.j.t.JMeterThread: Thread started: Thread Group 1-5
2025-11-30 06:48:33,844 INFO o.a.j.t.JMeterThread: Thread is done: Thread Group 1-5
2025-11-30 06:48:33,845 INFO o.a.j.t.JMeterThread: Thread finished: Thread Group 1-5
2025-11-30 06:48:33,876 INFO o.a.j.t.JMeterThread: Thread started: Thread Group 1-6
2025-11-30 06:48:33,891 INFO o.a.j.t.JMeterThread: Thread is done: Thread Group 1-6
2025-11-30 06:48:33,891 INFO o.a.j.t.JMeterThread: Thread finished: Thread Group 1-6
2025-11-30 06:48:33,923 INFO o.a.j.t.JMeterThread: Thread started: Thread Group 1-7
2025-11-30 06:48:33,934 INFO o.a.j.t.JMeterThread: Thread is done: Thread Group 1-7
2025-11-30 06:48:33,934 INFO o.a.j.t.JMeterThread: Thread finished: Thread Group 1-7
2025-11-30 06:48:33,972 INFO o.a.j.t.JMeterThread: Thread started: Thread Group 1-8
2025-11-30 06:48:33,989 INFO o.a.j.t.JMeterThread: Thread is done: Thread Group 1-8
2025-11-30 06:48:33,990 INFO o.a.j.t.JMeterThread: Thread finished: Thread Group 1-8
2025-11-30 06:48:34,021 INFO o.a.j.t.JMeterThread: Thread started: Thread Group 1-9
2025-11-30 06:48:34,039 INFO o.a.j.t.JMeterThread: Thread is done: Thread Group 1-9
2025-11-30 06:48:34,039 INFO o.a.j.t.JMeterThread: Thread finished: Thread Group 1-9
2025-11-30 06:48:34,072 INFO o.a.j.t.JMeterThread: Thread started: Thread Group 1-10
2025-11-30 06:48:34,085 INFO o.a.j.t.JMeterThread: Thread is done: Thread Group 1-10
2025-11-30 06:48:34,085 INFO o.a.j.t.JMeterThread: Thread finished: Thread Group 1-10
2025-11-30 06:48:34,125 INFO o.a.j.t.JMeterThread: Thread started: Thread Group 1-11
2025-11-30 06:48:34,140 INFO o.a.j.t.JMeterThread: Thread is done: Thread Group 1-11
2025-11-30 06:48:34,140 INFO o.a.j.t.JMeterThread: Thread finished: Thread Group 1-11
2025-11-30 06:48:34,175 INFO o.a.j.t.JMeterThread: Thread started: Thread Group 1-12
2025-11-30 06:48:34,185 INFO o.a.j.t.JMeterThread: Thread is done: Thread Group 1-12
2025-11-30 06:48:34,186 INFO o.a.j.t.JMeterThread: Thread finished: Thread Group 1-12
2025-11-30 06:48:34,224 INFO o.a.j.t.JMeterThread: Thread started: Thread Group 1-13
2025-11-30 06:48:34,234 INFO o.a.j.t.JMeterThread: Thread is done: Thread Group 1-13
2025-11-30 06:48:34,234 INFO o.a.j.t.JMeterThread: Thread finished: Thread Group 1-13
2025-11-30 06:48:34,273 INFO o.a.j.t.JMeterThread: Thread started: Thread Group 1-14
2025-11-30 06:48:34,280 INFO o.a.j.t.JMeterThread: Thread is done: Thread Group 1-14
2025-11-30 06:48:34,280 INFO o.a.j.t.JMeterThread: Thread finished: Thread Group 1-14
2025-11-30 06:48:34,322 INFO o.a.j.t.JMeterThread: Thread started: Thread Group 1-15
2025-11-30 06:48:34,328 INFO o.a.j.t.JMeterThread: Thread is done: Thread Group 1-15
2025-11-30 06:48:34,328 INFO o.a.j.t.JMeterThread: Thread finished: Thread Group 1-15
2025-11-30 06:48:34,372 INFO o.a.j.t.JMeterThread: Thread started: Thread Group 1-16
2025-11-30 06:48:34,378 INFO o.a.j.t.JMeterThread: Thread is done: Thread Group 1-16
2025-11-30 06:48:34,378 INFO o.a.j.t.JMeterThread: Thread finished: Thread Group 1-16
2025-11-30 06:48:34,425 INFO o.a.j.t.JMeterThread: Thread started: Thread Group 1-17
2025-11-30 06:48:34,434 INFO o.a.j.t.JMeterThread: Thread is done: Thread Group 1-17
2025-11-30 06:48:34,434 INFO o.a.j.t.JMeterThread: Thread finished: Thread Group 1-17
2025-11-30 06:48:34,473 INFO o.a.j.t.JMeterThread: Thread started: Thread Group 1-18
2025-11-30 06:48:34,482 INFO o.a.j.t.JMeterThread: Thread is done: Thread Group 1-18
2025-11-30 06:48:34,483 INFO o.a.j.t.JMeterThread: Thread finished: Thread Group 1-18
2025-11-30 06:48:34,521 INFO o.a.j.t.JMeterThread: Thread started: Thread Group 1-19
2025-11-30 06:48:34,534 INFO o.a.j.t.JMeterThread: Thread is done: Thread Group 1-19
2025-11-30 06:48:34,534 INFO o.a.j.t.JMeterThread: Thread finished: Thread Group 1-19
2025-11-30 06:48:34,575 INFO o.a.j.t.JMeterThread: Thread started: Thread Group 1-20
2025-11-30 06:48:34,588 INFO o.a.j.t.JMeterThread: Thread is done: Thread Group 1-20
2025-11-30 06:48:34,588 INFO o.a.j.t.JMeterThread: Thread finished: Thread Group 1-20
2025-11-30 06:48:34,588 INFO o.a.j.e.StandardJMeterEngine: Notifying test listeners of end of test
2025-11-30 06:48:34,588 INFO o.a.j.g.u.JMeterMenuBar: setRunning(false, *local*)
2025-11-30 06:49:52,445 INFO o.a.j.e.StandardJMeterEngine: Running the test!
2025-11-30 06:49:52,447 INFO o.a.j.s.SampleEvent: List of sample_variables: []
2025-11-30 06:49:52,449 INFO o.a.j.g.u.JMeterMenuBar: setRunning(true, *local*)
2025-11-30 06:49:52,477 INFO o.a.j.e.StandardJMeterEngine: Starting ThreadGroup: 1 : Thread Group
2025-11-30 06:49:52,478 INFO o.a.j.e.StandardJMeterEngine: Starting 20 threads for group Thread Group.
2025-11-30 06:49:52,478 INFO o.a.j.e.StandardJMeterEngine: Thread will continue on error
2025-11-30 06:49:52,478 INFO o.a.j.t.ThreadGroup: Starting thread group... number=1 threads=20 ramp-up=1 delayedStart=false
2025-11-30 06:49:52,478 INFO o.a.j.t.JMeterThread: Thread started: Thread Group 1-1
2025-11-30 06:49:52,482 INFO o.a.j.t.ThreadGroup: Started thread group number 1
2025-11-30 06:49:52,482 INFO o.a.j.e.StandardJMeterEngine: All thread groups have been started
2025-11-30 06:49:52,534 INFO o.a.j.t.JMeterThread: Thread started: Thread Group 1-2
2025-11-30 06:49:52,534 INFO o.a.j.t.JMeterThread: Thread is done: Thread Group 1-1
2025-11-30 06:49:52,534 INFO o.a.j.t.JMeterThread: Thread finished: Thread Group 1-1
2025-11-30 06:49:52,552 INFO o.a.j.t.JMeterThread: Thread is done: Thread Group 1-2
2025-11-30 06:49:52,552 INFO o.a.j.t.JMeterThread: Thread finished: Thread Group 1-2
2025-11-30 06:49:52,580 INFO o.a.j.t.JMeterThread: Thread started: Thread Group 1-3
2025-11-30 06:49:52,597 INFO o.a.j.t.JMeterThread: Thread is done: Thread Group 1-3
2025-11-30 06:49:52,598 INFO o.a.j.t.JMeterThread: Thread finished: Thread Group 1-3
2025-11-30 06:49:52,633 INFO o.a.j.t.JMeterThread: Thread started: Thread Group 1-4
2025-11-30 06:49:52,648 INFO o.a.j.t.JMeterThread: Thread is done: Thread Group 1-4
2025-11-30 06:49:52,649 INFO o.a.j.t.JMeterThread: Thread finished: Thread Group 1-4
2025-11-30 06:49:52,683 INFO o.a.j.t.JMeterThread: Thread started: Thread Group 1-5
2025-11-30 06:49:52,695 INFO o.a.j.t.JMeterThread: Thread is done: Thread Group 1-5
2025-11-30 06:49:52,695 INFO o.a.j.t.JMeterThread: Thread finished: Thread Group 1-5
2025-11-30 06:49:52,730 INFO o.a.j.t.JMeterThread: Thread started: Thread Group 1-6
2025-11-30 06:49:52,742 INFO o.a.j.t.JMeterThread: Thread is done: Thread Group 1-6
2025-11-30 06:49:52,742 INFO o.a.j.t.JMeterThread: Thread finished: Thread Group 1-6
2025-11-30 06:49:52,784 INFO o.a.j.t.JMeterThread: Thread started: Thread Group 1-7
2025-11-30 06:49:52,803 INFO o.a.j.t.JMeterThread: Thread is done: Thread Group 1-7
2025-11-30 06:49:52,803 INFO o.a.j.t.JMeterThread: Thread finished: Thread Group 1-7
2025-11-30 06:49:52,834 INFO o.a.j.t.JMeterThread: Thread started: Thread Group 1-8
2025-11-30 06:49:52,856 INFO o.a.j.t.JMeterThread: Thread is done: Thread Group 1-8
2025-11-30 06:49:52,856 INFO o.a.j.t.JMeterThread: Thread finished: Thread Group 1-8
2025-11-30 06:49:52,881 INFO o.a.j.t.JMeterThread: Thread started: Thread Group 1-9
2025-11-30 06:49:52,902 INFO o.a.j.t.JMeterThread: Thread is done: Thread Group 1-9
2025-11-30 06:49:52,902 INFO o.a.j.t.JMeterThread: Thread finished: Thread Group 1-9
2025-11-30 06:49:52,933 INFO o.a.j.t.JMeterThread: Thread started: Thread Group 1-10
2025-11-30 06:49:52,951 INFO o.a.j.t.JMeterThread: Thread is done: Thread Group 1-10
2025-11-30 06:49:52,951 INFO o.a.j.t.JMeterThread: Thread finished: Thread Group 1-10
2025-11-30 06:49:52,983 INFO o.a.j.t.JMeterThread: Thread started: Thread Group 1-11
2025-11-30 06:49:53,003 INFO o.a.j.t.JMeterThread: Thread is done: Thread Group 1-11
2025-11-30 06:49:53,003 INFO o.a.j.t.JMeterThread: Thread finished: Thread Group 1-11
2025-11-30 06:49:53,032 INFO o.a.j.t.JMeterThread: Thread started: Thread Group 1-12
2025-11-30 06:49:53,054 INFO o.a.j.t.JMeterThread: Thread is done: Thread Group 1-12
2025-11-30 06:49:53,055 INFO o.a.j.t.JMeterThread: Thread finished: Thread Group 1-12
2025-11-30 06:49:53,082 INFO o.a.j.t.JMeterThread: Thread started: Thread Group 1-13
2025-11-30 06:49:53,106 INFO o.a.j.t.JMeterThread: Thread is done: Thread Group 1-13
2025-11-30 06:49:53,106 INFO o.a.j.t.JMeterThread: Thread finished: Thread Group 1-13
2025-11-30 06:49:53,133 INFO o.a.j.t.JMeterThread: Thread started: Thread Group 1-14
2025-11-30 06:49:53,151 INFO o.a.j.t.JMeterThread: Thread is done: Thread Group 1-14
2025-11-30 06:49:53,152 INFO o.a.j.t.JMeterThread: Thread finished: Thread Group 1-14
2025-11-30 06:49:53,184 INFO o.a.j.t.JMeterThread: Thread started: Thread Group 1-15
2025-11-30 06:49:53,203 INFO o.a.j.t.JMeterThread: Thread is done: Thread Group 1-15
2025-11-30 06:49:53,203 INFO o.a.j.t.JMeterThread: Thread finished: Thread Group 1-15
2025-11-30 06:49:53,231 INFO o.a.j.t.JMeterThread: Thread started: Thread Group 1-16
2025-11-30 06:49:53,253 INFO o.a.j.t.JMeterThread: Thread is done: Thread Group 1-16
2025-11-30 06:49:53,253 INFO o.a.j.t.JMeterThread: Thread finished: Thread Group 1-16
2025-11-30 06:49:53,283 INFO o.a.j.t.JMeterThread: Thread started: Thread Group 1-17
2025-11-30 06:49:53,301 INFO o.a.j.t.JMeterThread: Thread is done: Thread Group 1-17
2025-11-30 06:49:53,302 INFO o.a.j.t.JMeterThread: Thread finished: Thread Group 1-17
2025-11-30 06:49:53,333 INFO o.a.j.t.JMeterThread: Thread started: Thread Group 1-18
2025-11-30 06:49:53,357 INFO o.a.j.t.JMeterThread: Thread is done: Thread Group 1-18
2025-11-30 06:49:53,357 INFO o.a.j.t.JMeterThread: Thread finished: Thread Group 1-18
2025-11-30 06:49:53,383 INFO o.a.j.t.JMeterThread: Thread started: Thread Group 1-19
2025-11-30 06:49:53,407 INFO o.a.j.t.JMeterThread: Thread is done: Thread Group 1-19
2025-11-30 06:49:53,408 INFO o.a.j.t.JMeterThread: Thread finished: Thread Group 1-19
2025-11-30 06:49:53,433 INFO o.a.j.t.JMeterThread: Thread started: Thread Group 1-20
2025-11-30 06:49:53,453 INFO o.a.j.t.JMeterThread: Thread is done: Thread Group 1-20
2025-11-30 06:49:53,453 INFO o.a.j.t.JMeterThread: Thread finished: Thread Group 1-20
2025-11-30 06:49:53,453 INFO o.a.j.e.StandardJMeterEngine: Notifying test listeners of end of test
2025-11-30 06:49:53,453 INFO o.a.j.g.u.JMeterMenuBar: setRunning(false, *local*)
2025-11-30 06:50:01,871 INFO o.a.j.e.StandardJMeterEngine: Running the test!
2025-11-30 06:50:01,872 INFO o.a.j.s.SampleEvent: List of sample_variables: []
2025-11-30 06:50:01,873 INFO o.a.j.g.u.JMeterMenuBar: setRunning(true, *local*)
2025-11-30 06:50:01,903 INFO o.a.j.e.StandardJMeterEngine: Starting ThreadGroup: 1 : Thread Group
2025-11-30 06:50:01,903 INFO o.a.j.e.StandardJMeterEngine: Starting 20 threads for group Thread Group.
2025-11-30 06:50:01,903 INFO o.a.j.e.StandardJMeterEngine: Thread will continue on error
2025-11-30 06:50:01,903 INFO o.a.j.t.ThreadGroup: Starting thread group... number=1 threads=20 ramp-up=1 delayedStart=false
2025-11-30 06:50:01,904 INFO o.a.j.t.JMeterThread: Thread started: Thread Group 1-1
2025-11-30 06:50:01,906 INFO o.a.j.t.ThreadGroup: Started thread group number 1
2025-11-30 06:50:01,906 INFO o.a.j.e.StandardJMeterEngine: All thread groups have been started
2025-11-30 06:50:01,923 INFO o.a.j.t.JMeterThread: Thread is done: Thread Group 1-1
2025-11-30 06:50:01,923 INFO o.a.j.t.JMeterThread: Thread finished: Thread Group 1-1
2025-11-30 06:50:01,957 INFO o.a.j.t.JMeterThread: Thread started: Thread Group 1-2
2025-11-30 06:50:01,976 INFO o.a.j.t.JMeterThread: Thread is done: Thread Group 1-2
2025-11-30 06:50:01,976 INFO o.a.j.t.JMeterThread: Thread finished: Thread Group 1-2
2025-11-30 06:50:02,009 INFO o.a.j.t.JMeterThread: Thread started: Thread Group 1-3
2025-11-30 06:50:02,031 INFO o.a.j.t.JMeterThread: Thread is done: Thread Group 1-3
2025-11-30 06:50:02,031 INFO o.a.j.t.JMeterThread: Thread finished: Thread Group 1-3
2025-11-30 06:50:02,058 INFO o.a.j.t.JMeterThread: Thread started: Thread Group 1-4
2025-11-30 06:50:02,077 INFO o.a.j.t.JMeterThread: Thread is done: Thread Group 1-4
2025-11-30 06:50:02,077 INFO o.a.j.t.JMeterThread: Thread finished: Thread Group 1-4
2025-11-30 06:50:02,108 INFO o.a.j.t.JMeterThread: Thread started: Thread Group 1-5
2025-11-30 06:50:02,126 INFO o.a.j.t.JMeterThread: Thread is done: Thread Group 1-5
2025-11-30 06:50:02,126 INFO o.a.j.t.JMeterThread: Thread finished: Thread Group 1-5
2025-11-30 06:50:02,158 INFO o.a.j.t.JMeterThread: Thread started: Thread Group 1-6
2025-11-30 06:50:02,180 INFO o.a.j.t.JMeterThread: Thread is done: Thread Group 1-6
2025-11-30 06:50:02,180 INFO o.a.j.t.JMeterThread: Thread finished: Thread Group 1-6
2025-11-30 06:50:02,208 INFO o.a.j.t.JMeterThread: Thread started: Thread Group 1-7
2025-11-30 06:50:02,234 INFO o.a.j.t.JMeterThread: Thread is done: Thread Group 1-7
2025-11-30 06:50:02,234 INFO o.a.j.t.JMeterThread: Thread finished: Thread Group 1-7
2025-11-30 06:50:02,258 INFO o.a.j.t.JMeterThread: Thread started: Thread Group 1-8
2025-11-30 06:50:02,286 INFO o.a.j.t.JMeterThread: Thread is done: Thread Group 1-8
2025-11-30 06:50:02,286 INFO o.a.j.t.JMeterThread: Thread finished: Thread Group 1-8
2025-11-30 06:50:02,304 INFO o.a.j.t.JMeterThread: Thread started: Thread Group 1-9
2025-11-30 06:50:02,328 INFO o.a.j.t.JMeterThread: Thread is done: Thread Group 1-9
2025-11-30 06:50:02,328 INFO o.a.j.t.JMeterThread: Thread finished: Thread Group 1-9
2025-11-30 06:50:02,357 INFO o.a.j.t.JMeterThread: Thread started: Thread Group 1-10
2025-11-30 06:50:02,383 INFO o.a.j.t.JMeterThread: Thread is done: Thread Group 1-10
2025-11-30 06:50:02,384 INFO o.a.j.t.JMeterThread: Thread finished: Thread Group 1-10
2025-11-30 06:50:02,408 INFO o.a.j.t.JMeterThread: Thread started: Thread Group 1-11
2025-11-30 06:50:02,440 INFO o.a.j.t.JMeterThread: Thread is done: Thread Group 1-11
2025-11-30 06:50:02,441 INFO o.a.j.t.JMeterThread: Thread finished: Thread Group 1-11
2025-11-30 06:50:02,455 INFO o.a.j.t.JMeterThread: Thread started: Thread Group 1-12
2025-11-30 06:50:02,480 INFO o.a.j.t.JMeterThread: Thread is done: Thread Group 1-12
2025-11-30 06:50:02,480 INFO o.a.j.t.JMeterThread: Thread finished: Thread Group 1-12
2025-11-30 06:50:02,509 INFO o.a.j.t.JMeterThread: Thread started: Thread Group 1-13
2025-11-30 06:50:02,531 INFO o.a.j.t.JMeterThread: Thread is done: Thread Group 1-13
2025-11-30 06:50:02,532 INFO o.a.j.t.JMeterThread: Thread finished: Thread Group 1-13
2025-11-30 06:50:02,559 INFO o.a.j.t.JMeterThread: Thread started: Thread Group 1-14
2025-11-30 06:50:02,586 INFO o.a.j.t.JMeterThread: Thread is done: Thread Group 1-14
2025-11-30 06:50:02,586 INFO o.a.j.t.JMeterThread: Thread finished: Thread Group 1-14
2025-11-30 06:50:02,609 INFO o.a.j.t.JMeterThread: Thread started: Thread Group 1-15
2025-11-30 06:50:02,642 INFO o.a.j.t.JMeterThread: Thread is done: Thread Group 1-15
2025-11-30 06:50:02,643 INFO o.a.j.t.JMeterThread: Thread finished: Thread Group 1-15
2025-11-30 06:50:02,659 INFO o.a.j.t.JMeterThread: Thread started: Thread Group 1-16
2025-11-30 06:50:02,675 INFO o.a.j.t.JMeterThread: Thread is done: Thread Group 1-16
2025-11-30 06:50:02,675 INFO o.a.j.t.JMeterThread: Thread finished: Thread Group 1-16
2025-11-30 06:50:02,708 INFO o.a.j.t.JMeterThread: Thread started: Thread Group 1-17
2025-11-30 06:50:02,722 INFO o.a.j.t.JMeterThread: Thread is done: Thread Group 1-17
2025-11-30 06:50:02,722 INFO o.a.j.t.JMeterThread: Thread finished: Thread Group 1-17
2025-11-30 06:50:02,758 INFO o.a.j.t.JMeterThread: Thread started: Thread Group 1-18
2025-11-30 06:50:02,778 INFO o.a.j.t.JMeterThread: Thread is done: Thread Group 1-18
2025-11-30 06:50:02,778 INFO o.a.j.t.JMeterThread: Thread finished: Thread Group 1-18
2025-11-30 06:50:02,808 INFO o.a.j.t.JMeterThread: Thread started: Thread Group 1-19
2025-11-30 06:50:02,829 INFO o.a.j.t.JMeterThread: Thread is done: Thread Group 1-19
2025-11-30 06:50:02,829 INFO o.a.j.t.JMeterThread: Thread finished: Thread Group 1-19
2025-11-30 06:50:02,858 INFO o.a.j.t.JMeterThread: Thread started: Thread Group 1-20
2025-11-30 06:50:02,884 INFO o.a.j.t.JMeterThread: Thread is done: Thread Group 1-20
2025-11-30 06:50:02,884 INFO o.a.j.t.JMeterThread: Thread finished: Thread Group 1-20
2025-11-30 06:50:02,884 INFO o.a.j.e.StandardJMeterEngine: Notifying test listeners of end of test
2025-11-30 06:50:02,884 INFO o.a.j.g.u.JMeterMenuBar: setRunning(false, *local*)
2025-11-30 06:51:21,111 INFO o.a.j.e.StandardJMeterEngine: Running the test!
2025-11-30 06:51:21,111 INFO o.a.j.s.SampleEvent: List of sample_variables: []
2025-11-30 06:51:21,112 INFO o.a.j.g.u.JMeterMenuBar: setRunning(true, *local*)
2025-11-30 06:51:21,141 INFO o.a.j.e.StandardJMeterEngine: Starting ThreadGroup: 1 : Thread Group
2025-11-30 06:51:21,141 INFO o.a.j.e.StandardJMeterEngine: Starting 20 threads for group Thread Group.
2025-11-30 06:51:21,141 INFO o.a.j.e.StandardJMeterEngine: Thread will continue on error
2025-11-30 06:51:21,141 INFO o.a.j.t.ThreadGroup: Starting thread group... number=1 threads=20 ramp-up=1 delayedStart=false
2025-11-30 06:51:21,141 INFO o.a.j.t.JMeterThread: Thread started: Thread Group 1-1
2025-11-30 06:51:21,144 INFO o.a.j.t.ThreadGroup: Started thread group number 1
2025-11-30 06:51:21,144 INFO o.a.j.e.StandardJMeterEngine: All thread groups have been started
2025-11-30 06:51:21,196 INFO o.a.j.t.JMeterThread: Thread started: Thread Group 1-2
2025-11-30 06:51:21,235 INFO o.a.j.t.JMeterThread: Thread is done: Thread Group 1-1
2025-11-30 06:51:21,235 INFO o.a.j.t.JMeterThread: Thread is done: Thread Group 1-2
2025-11-30 06:51:21,235 INFO o.a.j.t.JMeterThread: Thread finished: Thread Group 1-1
2025-11-30 06:51:21,235 INFO o.a.j.t.JMeterThread: Thread finished: Thread Group 1-2
2025-11-30 06:51:21,247 INFO o.a.j.t.JMeterThread: Thread started: Thread Group 1-3
2025-11-30 06:51:21,251 INFO o.a.j.t.JMeterThread: Thread is done: Thread Group 1-3
2025-11-30 06:51:21,251 INFO o.a.j.t.JMeterThread: Thread finished: Thread Group 1-3
2025-11-30 06:51:21,294 INFO o.a.j.t.JMeterThread: Thread started: Thread Group 1-4
2025-11-30 06:51:21,299 INFO o.a.j.t.JMeterThread: Thread is done: Thread Group 1-4
2025-11-30 06:51:21,299 INFO o.a.j.t.JMeterThread: Thread finished: Thread Group 1-4
2025-11-30 06:51:21,346 INFO o.a.j.t.JMeterThread: Thread started: Thread Group 1-5
2025-11-30 06:51:21,353 INFO o.a.j.t.JMeterThread: Thread is done: Thread Group 1-5
2025-11-30 06:51:21,353 INFO o.a.j.t.JMeterThread: Thread finished: Thread Group 1-5
2025-11-30 06:51:21,396 INFO o.a.j.t.JMeterThread: Thread started: Thread Group 1-6
2025-11-30 06:51:21,407 INFO o.a.j.t.JMeterThread: Thread is done: Thread Group 1-6
2025-11-30 06:51:21,408 INFO o.a.j.t.JMeterThread: Thread finished: Thread Group 1-6
2025-11-30 06:51:21,447 INFO o.a.j.t.JMeterThread: Thread started: Thread Group 1-7
2025-11-30 06:51:21,461 INFO o.a.j.t.JMeterThread: Thread is done: Thread Group 1-7
2025-11-30 06:51:21,461 INFO o.a.j.t.JMeterThread: Thread finished: Thread Group 1-7
2025-11-30 06:51:21,496 INFO o.a.j.t.JMeterThread: Thread started: Thread Group 1-8
2025-11-30 06:51:21,512 INFO o.a.j.t.JMeterThread: Thread is done: Thread Group 1-8
2025-11-30 06:51:21,512 INFO o.a.j.t.JMeterThread: Thread finished: Thread Group 1-8
2025-11-30 06:51:21,546 INFO o.a.j.t.JMeterThread: Thread started: Thread Group 1-9
2025-11-30 06:51:21,559 INFO o.a.j.t.JMeterThread: Thread is done: Thread Group 1-9
2025-11-30 06:51:21,560 INFO o.a.j.t.JMeterThread: Thread finished: Thread Group 1-9
2025-11-30 06:51:21,596 INFO o.a.j.t.JMeterThread: Thread started: Thread Group 1-10
2025-11-30 06:51:21,608 INFO o.a.j.t.JMeterThread: Thread is done: Thread Group 1-10
2025-11-30 06:51:21,608 INFO o.a.j.t.JMeterThread: Thread finished: Thread Group 1-10
2025-11-30 06:51:21,646 INFO o.a.j.t.JMeterThread: Thread started: Thread Group 1-11
2025-11-30 06:51:21,659 INFO o.a.j.t.JMeterThread: Thread is done: Thread Group 1-11
2025-11-30 06:51:21,659 INFO o.a.j.t.JMeterThread: Thread finished: Thread Group 1-11
2025-11-30 06:51:21,696 INFO o.a.j.t.JMeterThread: Thread started: Thread Group 1-12
2025-11-30 06:51:21,710 INFO o.a.j.t.JMeterThread: Thread is done: Thread Group 1-12
2025-11-30 06:51:21,710 INFO o.a.j.t.JMeterThread: Thread finished: Thread Group 1-12
2025-11-30 06:51:21,746 INFO o.a.j.t.JMeterThread: Thread started: Thread Group 1-13
2025-11-30 06:51:21,755 INFO o.a.j.t.JMeterThread: Thread is done: Thread Group 1-13
2025-11-30 06:51:21,756 INFO o.a.j.t.JMeterThread: Thread finished: Thread Group 1-13
2025-11-30 06:51:21,797 INFO o.a.j.t.JMeterThread: Thread started: Thread Group 1-14
2025-11-30 06:51:21,806 INFO o.a.j.t.JMeterThread: Thread is done: Thread Group 1-14
2025-11-30 06:51:21,806 INFO o.a.j.t.JMeterThread: Thread finished: Thread Group 1-14
2025-11-30 06:51:21,845 INFO o.a.j.t.JMeterThread: Thread started: Thread Group 1-15
2025-11-30 06:51:21,857 INFO o.a.j.t.JMeterThread: Thread is done: Thread Group 1-15
2025-11-30 06:51:21,857 INFO o.a.j.t.JMeterThread: Thread finished: Thread Group 1-15
2025-11-30 06:51:21,896 INFO o.a.j.t.JMeterThread: Thread started: Thread Group 1-16
2025-11-30 06:51:21,909 INFO o.a.j.t.JMeterThread: Thread is done: Thread Group 1-16
2025-11-30 06:51:21,910 INFO o.a.j.t.JMeterThread: Thread finished: Thread Group 1-16
2025-11-30 06:51:21,946 INFO o.a.j.t.JMeterThread: Thread started: Thread Group 1-17
2025-11-30 06:51:21,960 INFO o.a.j.t.JMeterThread: Thread is done: Thread Group 1-17
2025-11-30 06:51:21,960 INFO o.a.j.t.JMeterThread: Thread finished: Thread Group 1-17
2025-11-30 06:51:21,996 INFO o.a.j.t.JMeterThread: Thread started: Thread Group 1-18
2025-11-30 06:51:22,008 INFO o.a.j.t.JMeterThread: Thread is done: Thread Group 1-18
2025-11-30 06:51:22,009 INFO o.a.j.t.JMeterThread: Thread finished: Thread Group 1-18
2025-11-30 06:51:22,046 INFO o.a.j.t.JMeterThread: Thread started: Thread Group 1-19
2025-11-30 06:51:22,058 INFO o.a.j.t.JMeterThread: Thread is done: Thread Group 1-19
2025-11-30 06:51:22,058 INFO o.a.j.t.JMeterThread: Thread finished: Thread Group 1-19
2025-11-30 06:51:22,095 INFO o.a.j.t.JMeterThread: Thread started: Thread Group 1-20
2025-11-30 06:51:22,118 INFO o.a.j.t.JMeterThread: Thread is done: Thread Group 1-20
2025-11-30 06:51:22,118 INFO o.a.j.t.JMeterThread: Thread finished: Thread Group 1-20
2025-11-30 06:51:22,118 INFO o.a.j.e.StandardJMeterEngine: Notifying test listeners of end of test
2025-11-30 06:51:22,118 INFO o.a.j.g.u.JMeterMenuBar: setRunning(false, *local*)
2025-11-30 06:51:28,352 INFO o.a.j.e.StandardJMeterEngine: Running the test!
2025-11-30 06:51:28,353 INFO o.a.j.s.SampleEvent: List of sample_variables: []
2025-11-30 06:51:28,354 INFO o.a.j.g.u.JMeterMenuBar: setRunning(true, *local*)
2025-11-30 06:51:28,380 INFO o.a.j.e.StandardJMeterEngine: Starting ThreadGroup: 1 : Thread Group
2025-11-30 06:51:28,380 INFO o.a.j.e.StandardJMeterEngine: Starting 20 threads for group Thread Group.
2025-11-30 06:51:28,380 INFO o.a.j.e.StandardJMeterEngine: Thread will continue on error
2025-11-30 06:51:28,380 INFO o.a.j.t.ThreadGroup: Starting thread group... number=1 threads=20 ramp-up=1 delayedStart=false
2025-11-30 06:51:28,381 INFO o.a.j.t.JMeterThread: Thread started: Thread Group 1-1
2025-11-30 06:51:28,383 INFO o.a.j.t.ThreadGroup: Started thread group number 1
2025-11-30 06:51:28,383 INFO o.a.j.e.StandardJMeterEngine: All thread groups have been started
2025-11-30 06:51:28,387 INFO o.a.j.t.JMeterThread: Thread is done: Thread Group 1-1
2025-11-30 06:51:28,387 INFO o.a.j.t.JMeterThread: Thread finished: Thread Group 1-1
2025-11-30 06:51:28,435 INFO o.a.j.t.JMeterThread: Thread started: Thread Group 1-2
2025-11-30 06:51:28,442 INFO o.a.j.t.JMeterThread: Thread is done: Thread Group 1-2
2025-11-30 06:51:28,442 INFO o.a.j.t.JMeterThread: Thread finished: Thread Group 1-2
2025-11-30 06:51:28,485 INFO o.a.j.t.JMeterThread: Thread started: Thread Group 1-3
2025-11-30 06:51:28,492 INFO o.a.j.t.JMeterThread: Thread is done: Thread Group 1-3
2025-11-30 06:51:28,492 INFO o.a.j.t.JMeterThread: Thread finished: Thread Group 1-3
2025-11-30 06:51:28,534 INFO o.a.j.t.JMeterThread: Thread started: Thread Group 1-4
2025-11-30 06:51:28,548 INFO o.a.j.t.JMeterThread: Thread is done: Thread Group 1-4
2025-11-30 06:51:28,548 INFO o.a.j.t.JMeterThread: Thread finished: Thread Group 1-4
2025-11-30 06:51:28,583 INFO o.a.j.t.JMeterThread: Thread started: Thread Group 1-5
2025-11-30 06:51:28,591 INFO o.a.j.t.JMeterThread: Thread is done: Thread Group 1-5
2025-11-30 06:51:28,591 INFO o.a.j.t.JMeterThread: Thread finished: Thread Group 1-5
2025-11-30 06:51:28,634 INFO o.a.j.t.JMeterThread: Thread started: Thread Group 1-6
2025-11-30 06:51:28,640 INFO o.a.j.t.JMeterThread: Thread is done: Thread Group 1-6
2025-11-30 06:51:28,640 INFO o.a.j.t.JMeterThread: Thread finished: Thread Group 1-6
2025-11-30 06:51:28,682 INFO o.a.j.t.JMeterThread: Thread started: Thread Group 1-7
2025-11-30 06:51:28,690 INFO o.a.j.t.JMeterThread: Thread is done: Thread Group 1-7
2025-11-30 06:51:28,690 INFO o.a.j.t.JMeterThread: Thread finished: Thread Group 1-7
2025-11-30 06:51:28,732 INFO o.a.j.t.JMeterThread: Thread started: Thread Group 1-8
2025-11-30 06:51:28,741 INFO o.a.j.t.JMeterThread: Thread is done: Thread Group 1-8
2025-11-30 06:51:28,741 INFO o.a.j.t.JMeterThread: Thread finished: Thread Group 1-8
2025-11-30 06:51:28,783 INFO o.a.j.t.JMeterThread: Thread started: Thread Group 1-9
2025-11-30 06:51:28,791 INFO o.a.j.t.JMeterThread: Thread is done: Thread Group 1-9
2025-11-30 06:51:28,791 INFO o.a.j.t.JMeterThread: Thread finished: Thread Group 1-9
2025-11-30 06:51:28,835 INFO o.a.j.t.JMeterThread: Thread started: Thread Group 1-10
2025-11-30 06:51:28,842 INFO o.a.j.t.JMeterThread: Thread is done: Thread Group 1-10
2025-11-30 06:51:28,842 INFO o.a.j.t.JMeterThread: Thread finished: Thread Group 1-10
2025-11-30 06:51:28,886 INFO o.a.j.t.JMeterThread: Thread started: Thread Group 1-11
2025-11-30 06:51:28,894 INFO o.a.j.t.JMeterThread: Thread is done: Thread Group 1-11
2025-11-30 06:51:28,894 INFO o.a.j.t.JMeterThread: Thread finished: Thread Group 1-11
2025-11-30 06:51:28,935 INFO o.a.j.t.JMeterThread: Thread started: Thread Group 1-12
2025-11-30 06:51:28,945 INFO o.a.j.t.JMeterThread: Thread is done: Thread Group 1-12
2025-11-30 06:51:28,945 INFO o.a.j.t.JMeterThread: Thread finished: Thread Group 1-12
2025-11-30 06:51:28,985 INFO o.a.j.t.JMeterThread: Thread started: Thread Group 1-13
2025-11-30 06:51:28,998 INFO o.a.j.t.JMeterThread: Thread is done: Thread Group 1-13
2025-11-30 06:51:28,999 INFO o.a.j.t.JMeterThread: Thread finished: Thread Group 1-13
2025-11-30 06:51:29,035 INFO o.a.j.t.JMeterThread: Thread started: Thread Group 1-14
2025-11-30 06:51:29,048 INFO o.a.j.t.JMeterThread: Thread is done: Thread Group 1-14
2025-11-30 06:51:29,049 INFO o.a.j.t.JMeterThread: Thread finished: Thread Group 1-14
2025-11-30 06:51:29,085 INFO o.a.j.t.JMeterThread: Thread started: Thread Group 1-15
2025-11-30 06:51:29,099 INFO o.a.j.t.JMeterThread: Thread is done: Thread Group 1-15
2025-11-30 06:51:29,100 INFO o.a.j.t.JMeterThread: Thread finished: Thread Group 1-15
2025-11-30 06:51:29,134 INFO o.a.j.t.JMeterThread: Thread started: Thread Group 1-16
2025-11-30 06:51:29,143 INFO o.a.j.t.JMeterThread: Thread is done: Thread Group 1-16
2025-11-30 06:51:29,143 INFO o.a.j.t.JMeterThread: Thread finished: Thread Group 1-16
2025-11-30 06:51:29,184 INFO o.a.j.t.JMeterThread: Thread started: Thread Group 1-17
2025-11-30 06:51:29,193 INFO o.a.j.t.JMeterThread: Thread is done: Thread Group 1-17
2025-11-30 06:51:29,193 INFO o.a.j.t.JMeterThread: Thread finished: Thread Group 1-17
2025-11-30 06:51:29,236 INFO o.a.j.t.JMeterThread: Thread started: Thread Group 1-18
2025-11-30 06:51:29,244 INFO o.a.j.t.JMeterThread: Thread is done: Thread Group 1-18
2025-11-30 06:51:29,244 INFO o.a.j.t.JMeterThread: Thread finished: Thread Group 1-18
2025-11-30 06:51:29,285 INFO o.a.j.t.JMeterThread: Thread started: Thread Group 1-19
2025-11-30 06:51:29,292 INFO o.a.j.t.JMeterThread: Thread is done: Thread Group 1-19
2025-11-30 06:51:29,292 INFO o.a.j.t.JMeterThread: Thread finished: Thread Group 1-19
2025-11-30 06:51:29,335 INFO o.a.j.t.JMeterThread: Thread started: Thread Group 1-20
2025-11-30 06:51:29,341 INFO o.a.j.t.JMeterThread: Thread is done: Thread Group 1-20
2025-11-30 06:51:29,341 INFO o.a.j.t.JMeterThread: Thread finished: Thread Group 1-20
2025-11-30 06:51:29,341 INFO o.a.j.e.StandardJMeterEngine: Notifying test listeners of end of test
2025-11-30 06:51:29,341 INFO o.a.j.g.u.JMeterMenuBar: setRunning(false, *local*)
2025-11-30 06:51:48,424 INFO o.a.j.e.StandardJMeterEngine: Running the test!
2025-11-30 06:51:48,425 INFO o.a.j.s.SampleEvent: List of sample_variables: []
2025-11-30 06:51:48,426 INFO o.a.j.g.u.JMeterMenuBar: setRunning(true, *local*)
2025-11-30 06:51:48,450 INFO o.a.j.e.StandardJMeterEngine: Starting ThreadGroup: 1 : Thread Group
2025-11-30 06:51:48,450 INFO o.a.j.e.StandardJMeterEngine: Starting 50 threads for group Thread Group.
2025-11-30 06:51:48,450 INFO o.a.j.e.StandardJMeterEngine: Thread will continue on error
2025-11-30 06:51:48,450 INFO o.a.j.t.ThreadGroup: Starting thread group... number=1 threads=50 ramp-up=1 delayedStart=false
2025-11-30 06:51:48,451 INFO o.a.j.t.JMeterThread: Thread started: Thread Group 1-1
2025-11-30 06:51:48,456 INFO o.a.j.t.ThreadGroup: Started thread group number 1
2025-11-30 06:51:48,456 INFO o.a.j.e.StandardJMeterEngine: All thread groups have been started
2025-11-30 06:51:48,456 INFO o.a.j.t.JMeterThread: Thread is done: Thread Group 1-1
2025-11-30 06:51:48,456 INFO o.a.j.t.JMeterThread: Thread finished: Thread Group 1-1
2025-11-30 06:51:48,475 INFO o.a.j.t.JMeterThread: Thread started: Thread Group 1-2
2025-11-30 06:51:48,480 INFO o.a.j.t.JMeterThread: Thread is done: Thread Group 1-2
2025-11-30 06:51:48,480 INFO o.a.j.t.JMeterThread: Thread finished: Thread Group 1-2
2025-11-30 06:51:48,495 INFO o.a.j.t.JMeterThread: Thread started: Thread Group 1-3
2025-11-30 06:51:48,500 INFO o.a.j.t.JMeterThread: Thread is done: Thread Group 1-3
2025-11-30 06:51:48,500 INFO o.a.j.t.JMeterThread: Thread finished: Thread Group 1-3
2025-11-30 06:51:48,515 INFO o.a.j.t.JMeterThread: Thread started: Thread Group 1-4
2025-11-30 06:51:48,520 INFO o.a.j.t.JMeterThread: Thread is done: Thread Group 1-4
2025-11-30 06:51:48,520 INFO o.a.j.t.JMeterThread: Thread finished: Thread Group 1-4
2025-11-30 06:51:48,535 INFO o.a.j.t.JMeterThread: Thread started: Thread Group 1-5
2025-11-30 06:51:48,541 INFO o.a.j.t.JMeterThread: Thread is done: Thread Group 1-5
2025-11-30 06:51:48,541 INFO o.a.j.t.JMeterThread: Thread finished: Thread Group 1-5
2025-11-30 06:51:48,553 INFO o.a.j.t.JMeterThread: Thread started: Thread Group 1-6
2025-11-30 06:51:48,559 INFO o.a.j.t.JMeterThread: Thread is done: Thread Group 1-6
2025-11-30 06:51:48,559 INFO o.a.j.t.JMeterThread: Thread finished: Thread Group 1-6
2025-11-30 06:51:48,575 INFO o.a.j.t.JMeterThread: Thread started: Thread Group 1-7
2025-11-30 06:51:48,582 INFO o.a.j.t.JMeterThread: Thread is done: Thread Group 1-7
2025-11-30 06:51:48,582 INFO o.a.j.t.JMeterThread: Thread finished: Thread Group 1-7
2025-11-30 06:51:48,595 INFO o.a.j.t.JMeterThread: Thread started: Thread Group 1-8
2025-11-30 06:51:48,601 INFO o.a.j.t.JMeterThread: Thread is done: Thread Group 1-8
2025-11-30 06:51:48,601 INFO o.a.j.t.JMeterThread: Thread finished: Thread Group 1-8
2025-11-30 06:51:48,616 INFO o.a.j.t.JMeterThread: Thread started: Thread Group 1-9
2025-11-30 06:51:48,624 INFO o.a.j.t.JMeterThread: Thread is done: Thread Group 1-9
2025-11-30 06:51:48,624 INFO o.a.j.t.JMeterThread: Thread finished: Thread Group 1-9
2025-11-30 06:51:48,635 INFO o.a.j.t.JMeterThread: Thread started: Thread Group 1-10
2025-11-30 06:51:48,643 INFO o.a.j.t.JMeterThread: Thread is done: Thread Group 1-10
2025-11-30 06:51:48,643 INFO o.a.j.t.JMeterThread: Thread finished: Thread Group 1-10
2025-11-30 06:51:48,653 INFO o.a.j.t.JMeterThread: Thread started: Thread Group 1-11
2025-11-30 06:51:48,661 INFO o.a.j.t.JMeterThread: Thread is done: Thread Group 1-11
2025-11-30 06:51:48,661 INFO o.a.j.t.JMeterThread: Thread finished: Thread Group 1-11
2025-11-30 06:51:48,673 INFO o.a.j.t.JMeterThread: Thread started: Thread Group 1-12
2025-11-30 06:51:48,682 INFO o.a.j.t.JMeterThread: Thread is done: Thread Group 1-12
2025-11-30 06:51:48,682 INFO o.a.j.t.JMeterThread: Thread finished: Thread Group 1-12
2025-11-30 06:51:48,695 INFO o.a.j.t.JMeterThread: Thread started: Thread Group 1-13
2025-11-30 06:51:48,703 INFO o.a.j.t.JMeterThread: Thread is done: Thread Group 1-13
2025-11-30 06:51:48,703 INFO o.a.j.t.JMeterThread: Thread finished: Thread Group 1-13
2025-11-30 06:51:48,715 INFO o.a.j.t.JMeterThread: Thread started: Thread Group 1-14
2025-11-30 06:51:48,725 INFO o.a.j.t.JMeterThread: Thread is done: Thread Group 1-14
2025-11-30 06:51:48,725 INFO o.a.j.t.JMeterThread: Thread finished: Thread Group 1-14
2025-11-30 06:51:48,735 INFO o.a.j.t.JMeterThread: Thread started: Thread Group 1-15
2025-11-30 06:51:48,744 INFO o.a.j.t.JMeterThread: Thread is done: Thread Group 1-15
2025-11-30 06:51:48,744 INFO o.a.j.t.JMeterThread: Thread finished: Thread Group 1-15
2025-11-30 06:51:48,753 INFO o.a.j.t.JMeterThread: Thread started: Thread Group 1-16
2025-11-30 06:51:48,761 INFO o.a.j.t.JMeterThread: Thread is done: Thread Group 1-16
2025-11-30 06:51:48,761 INFO o.a.j.t.JMeterThread: Thread finished: Thread Group 1-16
2025-11-30 06:51:48,775 INFO o.a.j.t.JMeterThread: Thread started: Thread Group 1-17
2025-11-30 06:51:48,784 INFO o.a.j.t.JMeterThread: Thread is done: Thread Group 1-17
2025-11-30 06:51:48,784 INFO o.a.j.t.JMeterThread: Thread finished: Thread Group 1-17
2025-11-30 06:51:48,795 INFO o.a.j.t.JMeterThread: Thread started: Thread Group 1-18
2025-11-30 06:51:48,804 INFO o.a.j.t.JMeterThread: Thread is done: Thread Group 1-18
2025-11-30 06:51:48,805 INFO o.a.j.t.JMeterThread: Thread finished: Thread Group 1-18
2025-11-30 06:51:48,815 INFO o.a.j.t.JMeterThread: Thread started: Thread Group 1-19
2025-11-30 06:51:48,824 INFO o.a.j.t.JMeterThread: Thread is done: Thread Group 1-19
2025-11-30 06:51:48,824 INFO o.a.j.t.JMeterThread: Thread finished: Thread Group 1-19
2025-11-30 06:51:48,836 INFO o.a.j.t.JMeterThread: Thread started: Thread Group 1-20
2025-11-30 06:51:48,844 INFO o.a.j.t.JMeterThread: Thread is done: Thread Group 1-20
2025-11-30 06:51:48,844 INFO o.a.j.t.JMeterThread: Thread finished: Thread Group 1-20
2025-11-30 06:51:48,856 INFO o.a.j.t.JMeterThread: Thread started: Thread Group 1-21
2025-11-30 06:51:48,864 INFO o.a.j.t.JMeterThread: Thread is done: Thread Group 1-21
2025-11-30 06:51:48,864 INFO o.a.j.t.JMeterThread: Thread finished: Thread Group 1-21
2025-11-30 06:51:48,871 INFO o.a.j.t.JMeterThread: Thread started: Thread Group 1-22
2025-11-30 06:51:48,878 INFO o.a.j.t.JMeterThread: Thread is done: Thread Group 1-22
2025-11-30 06:51:48,878 INFO o.a.j.t.JMeterThread: Thread finished: Thread Group 1-22
2025-11-30 06:51:48,893 INFO o.a.j.t.JMeterThread: Thread started: Thread Group 1-23
2025-11-30 06:51:48,902 INFO o.a.j.t.JMeterThread: Thread is done: Thread Group 1-23
2025-11-30 06:51:48,903 INFO o.a.j.t.JMeterThread: Thread finished: Thread Group 1-23
2025-11-30 06:51:48,911 INFO o.a.j.t.JMeterThread: Thread started: Thread Group 1-24
2025-11-30 06:51:48,923 INFO o.a.j.t.JMeterThread: Thread is done: Thread Group 1-24
2025-11-30 06:51:48,923 INFO o.a.j.t.JMeterThread: Thread finished: Thread Group 1-24
2025-11-30 06:51:48,932 INFO o.a.j.t.JMeterThread: Thread started: Thread Group 1-25
2025-11-30 06:51:48,942 INFO o.a.j.t.JMeterThread: Thread is done: Thread Group 1-25
2025-11-30 06:51:48,942 INFO o.a.j.t.JMeterThread: Thread finished: Thread Group 1-25
2025-11-30 06:51:48,953 INFO o.a.j.t.JMeterThread: Thread started: Thread Group 1-26
2025-11-30 06:51:48,959 INFO o.a.j.t.JMeterThread: Thread is done: Thread Group 1-26
2025-11-30 06:51:48,959 INFO o.a.j.t.JMeterThread: Thread finished: Thread Group 1-26
2025-11-30 06:51:48,974 INFO o.a.j.t.JMeterThread: Thread started: Thread Group 1-27
2025-11-30 06:51:48,980 INFO o.a.j.t.JMeterThread: Thread is done: Thread Group 1-27
2025-11-30 06:51:48,982 INFO o.a.j.t.JMeterThread: Thread finished: Thread Group 1-27
2025-11-30 06:51:48,995 INFO o.a.j.t.JMeterThread: Thread started: Thread Group 1-28
2025-11-30 06:51:49,001 INFO o.a.j.t.JMeterThread: Thread is done: Thread Group 1-28
2025-11-30 06:51:49,001 INFO o.a.j.t.JMeterThread: Thread finished: Thread Group 1-28
2025-11-30 06:51:49,015 INFO o.a.j.t.JMeterThread: Thread started: Thread Group 1-29
2025-11-30 06:51:49,022 INFO o.a.j.t.JMeterThread: Thread is done: Thread Group 1-29
2025-11-30 06:51:49,022 INFO o.a.j.t.JMeterThread: Thread finished: Thread Group 1-29
2025-11-30 06:51:49,033 INFO o.a.j.t.JMeterThread: Thread started: Thread Group 1-30
2025-11-30 06:51:49,039 INFO o.a.j.t.JMeterThread: Thread is done: Thread Group 1-30
2025-11-30 06:51:49,039 INFO o.a.j.t.JMeterThread: Thread finished: Thread Group 1-30
2025-11-30 06:51:49,053 INFO o.a.j.t.JMeterThread: Thread started: Thread Group 1-31
2025-11-30 06:51:49,059 INFO o.a.j.t.JMeterThread: Thread is done: Thread Group 1-31
2025-11-30 06:51:49,059 INFO o.a.j.t.JMeterThread: Thread finished: Thread Group 1-31
2025-11-30 06:51:49,076 INFO o.a.j.t.JMeterThread: Thread started: Thread Group 1-32
2025-11-30 06:51:49,082 INFO o.a.j.t.JMeterThread: Thread is done: Thread Group 1-32
2025-11-30 06:51:49,082 INFO o.a.j.t.JMeterThread: Thread finished: Thread Group 1-32
2025-11-30 06:51:49,091 INFO o.a.j.t.JMeterThread: Thread started: Thread Group 1-33
2025-11-30 06:51:49,097 INFO o.a.j.t.JMeterThread: Thread is done: Thread Group 1-33
2025-11-30 06:51:49,097 INFO o.a.j.t.JMeterThread: Thread finished: Thread Group 1-33
2025-11-30 06:51:49,113 INFO o.a.j.t.JMeterThread: Thread started: Thread Group 1-34
2025-11-30 06:51:49,118 INFO o.a.j.t.JMeterThread: Thread is done: Thread Group 1-34
2025-11-30 06:51:49,118 INFO o.a.j.t.JMeterThread: Thread finished: Thread Group 1-34
2025-11-30 06:51:49,132 INFO o.a.j.t.JMeterThread: Thread started: Thread Group 1-35
2025-11-30 06:51:49,138 INFO o.a.j.t.JMeterThread: Thread is done: Thread Group 1-35
2025-11-30 06:51:49,138 INFO o.a.j.t.JMeterThread: Thread finished: Thread Group 1-35
2025-11-30 06:51:49,155 INFO o.a.j.t.JMeterThread: Thread started: Thread Group 1-36
2025-11-30 06:51:49,160 INFO o.a.j.t.JMeterThread: Thread is done: Thread Group 1-36
2025-11-30 06:51:49,160 INFO o.a.j.t.JMeterThread: Thread finished: Thread Group 1-36
2025-11-30 06:51:49,175 INFO o.a.j.t.JMeterThread: Thread started: Thread Group 1-37
2025-11-30 06:51:49,180 INFO o.a.j.t.JMeterThread: Thread is done: Thread Group 1-37
2025-11-30 06:51:49,180 INFO o.a.j.t.JMeterThread: Thread finished: Thread Group 1-37
2025-11-30 06:51:49,195 INFO o.a.j.t.JMeterThread: Thread started: Thread Group 1-38
2025-11-30 06:51:49,200 INFO o.a.j.t.JMeterThread: Thread is done: Thread Group 1-38
2025-11-30 06:51:49,200 INFO o.a.j.t.JMeterThread: Thread finished: Thread Group 1-38
2025-11-30 06:51:49,215 INFO o.a.j.t.JMeterThread: Thread started: Thread Group 1-39
2025-11-30 06:51:49,223 INFO o.a.j.t.JMeterThread: Thread is done: Thread Group 1-39
2025-11-30 06:51:49,223 INFO o.a.j.t.JMeterThread: Thread finished: Thread Group 1-39
2025-11-30 06:51:49,236 INFO o.a.j.t.JMeterThread: Thread started: Thread Group 1-40
2025-11-30 06:51:49,242 INFO o.a.j.t.JMeterThread: Thread is done: Thread Group 1-40
2025-11-30 06:51:49,242 INFO o.a.j.t.JMeterThread: Thread finished: Thread Group 1-40
2025-11-30 06:51:49,251 INFO o.a.j.t.JMeterThread: Thread started: Thread Group 1-41
2025-11-30 06:51:49,257 INFO o.a.j.t.JMeterThread: Thread is done: Thread Group 1-41
2025-11-30 06:51:49,257 INFO o.a.j.t.JMeterThread: Thread finished: Thread Group 1-41
2025-11-30 06:51:49,275 INFO o.a.j.t.JMeterThread: Thread started: Thread Group 1-42
2025-11-30 06:51:49,281 INFO o.a.j.t.JMeterThread: Thread is done: Thread Group 1-42
2025-11-30 06:51:49,282 INFO o.a.j.t.JMeterThread: Thread finished: Thread Group 1-42
2025-11-30 06:51:49,295 INFO o.a.j.t.JMeterThread: Thread started: Thread Group 1-43
2025-11-30 06:51:49,302 INFO o.a.j.t.JMeterThread: Thread is done: Thread Group 1-43
2025-11-30 06:51:49,302 INFO o.a.j.t.JMeterThread: Thread finished: Thread Group 1-43
2025-11-30 06:51:49,312 INFO o.a.j.t.JMeterThread: Thread started: Thread Group 1-44
2025-11-30 06:51:49,318 INFO o.a.j.t.JMeterThread: Thread is done: Thread Group 1-44
2025-11-30 06:51:49,318 INFO o.a.j.t.JMeterThread: Thread finished: Thread Group 1-44
2025-11-30 06:51:49,335 INFO o.a.j.t.JMeterThread: Thread started: Thread Group 1-45
2025-11-30 06:51:49,342 INFO o.a.j.t.JMeterThread: Thread is done: Thread Group 1-45
2025-11-30 06:51:49,342 INFO o.a.j.t.JMeterThread: Thread finished: Thread Group 1-45
2025-11-30 06:51:49,355 INFO o.a.j.t.JMeterThread: Thread started: Thread Group 1-46
2025-11-30 06:51:49,363 INFO o.a.j.t.JMeterThread: Thread is done: Thread Group 1-46
2025-11-30 06:51:49,363 INFO o.a.j.t.JMeterThread: Thread finished: Thread Group 1-46
2025-11-30 06:51:49,372 INFO o.a.j.t.JMeterThread: Thread started: Thread Group 1-47
2025-11-30 06:51:49,380 INFO o.a.j.t.JMeterThread: Thread is done: Thread Group 1-47
2025-11-30 06:51:49,380 INFO o.a.j.t.JMeterThread: Thread finished: Thread Group 1-47
2025-11-30 06:51:49,395 INFO o.a.j.t.JMeterThread: Thread started: Thread Group 1-48
2025-11-30 06:51:49,406 INFO o.a.j.t.JMeterThread: Thread is done: Thread Group 1-48
2025-11-30 06:51:49,407 INFO o.a.j.t.JMeterThread: Thread finished: Thread Group 1-48
2025-11-30 06:51:49,416 INFO o.a.j.t.JMeterThread: Thread started: Thread Group 1-49
2025-11-30 06:51:49,428 INFO o.a.j.t.JMeterThread: Thread is done: Thread Group 1-49
2025-11-30 06:51:49,428 INFO o.a.j.t.JMeterThread: Thread finished: Thread Group 1-49
2025-11-30 06:51:49,436 INFO o.a.j.t.JMeterThread: Thread started: Thread Group 1-50
2025-11-30 06:51:49,442 INFO o.a.j.t.JMeterThread: Thread is done: Thread Group 1-50
2025-11-30 06:51:49,442 INFO o.a.j.t.JMeterThread: Thread finished: Thread Group 1-50
2025-11-30 06:51:49,443 INFO o.a.j.e.StandardJMeterEngine: Notifying test listeners of end of test
2025-11-30 06:51:49,443 INFO o.a.j.g.u.JMeterMenuBar: setRunning(false, *local*)
